<?xml version="1.0" encoding="UTF-8"?>
<!-- Generated by org.testng.reporters.JUnitXMLReporter -->
<testsuite ignored="0" hostname="DESKTOP-VBPF5BK" failures="1" tests="1" name="chrometest" time="37.223" errors="0" timestamp="2024-01-24T12:58:16 IST">
  <testcase classname="testCases.TC_001_SFI_All_Mobile" name="TestMobileIndividualControls" time="22.72">
    <failure type="java.lang.AssertionError" message="javascript error: arguments[0].click is not a function
  (Session info: chrome=120.0.6099.144)
Build info: version: &amp;apos;4.16.1&amp;apos;, revision: &amp;apos;9b4c83354e&amp;apos;
System info: os.name: &amp;apos;Windows 10&amp;apos;, os.arch: &amp;apos;amd64&amp;apos;, os.version: &amp;apos;10.0&amp;apos;, java.version: &amp;apos;17.0.9&amp;apos;
Driver info: io.appium.java_client.android.AndroidDriver
Command: [7f7e75e0-f5ac-466a-8c84-33df79599a7c, executeScript {script=arguments[0].click();, args=[document.getElementById(content)]}]
Capabilities {appium:autoGrantPermissions: true, appium:automationName: UiAutomator2, appium:databaseEnabled: false, appium:desired: {appActivity: com.google.android.apps.chr..., appPackage: com.android.chrome, autoGrantPermissions: true, automationName: UiAutomator2, browserName: Chrome, deviceName: RZCWA1JJM5L, noReset: true, noSign: true, platformName: ANDROID, platformVersion: 14.0}, appium:deviceApiLevel: 34, appium:deviceManufacturer: samsung, appium:deviceModel: SM-E146B, appium:deviceName: RZCWA1JJM5L, appium:deviceScreenDensity: 450, appium:deviceScreenSize: 1080x2408, appium:deviceUDID: RZCWA1JJM5L, appium:javascriptEnabled: true, appium:locationContextEnabled: false, appium:networkConnectionEnabled: true, appium:noReset: true, appium:noSign: true, appium:pixelRatio: 2.8125, appium:platformVersion: 14, appium:statBarHeight: 64, appium:takesScreenshot: true, appium:viewportRect: {height: 2344, left: 0, top: 64, width: 1080}, appium:warnings: {}, appium:webStorageEnabled: false, browserName: Chrome, platformName: ANDROID}
Session ID: 7f7e75e0-f5ac-466a-8c84-33df79599a7c">
      <![CDATA[java.lang.AssertionError: javascript error: arguments[0].click is not a function
  (Session info: chrome=120.0.6099.144)
Build info: version: '4.16.1', revision: '9b4c83354e'
System info: os.name: 'Windows 10', os.arch: 'amd64', os.version: '10.0', java.version: '17.0.9'
Driver info: io.appium.java_client.android.AndroidDriver
Command: [7f7e75e0-f5ac-466a-8c84-33df79599a7c, executeScript {script=arguments[0].click();, args=[document.getElementById(content)]}]
Capabilities {appium:autoGrantPermissions: true, appium:automationName: UiAutomator2, appium:databaseEnabled: false, appium:desired: {appActivity: com.google.android.apps.chr..., appPackage: com.android.chrome, autoGrantPermissions: true, automationName: UiAutomator2, browserName: Chrome, deviceName: RZCWA1JJM5L, noReset: true, noSign: true, platformName: ANDROID, platformVersion: 14.0}, appium:deviceApiLevel: 34, appium:deviceManufacturer: samsung, appium:deviceModel: SM-E146B, appium:deviceName: RZCWA1JJM5L, appium:deviceScreenDensity: 450, appium:deviceScreenSize: 1080x2408, appium:deviceUDID: RZCWA1JJM5L, appium:javascriptEnabled: true, appium:locationContextEnabled: false, appium:networkConnectionEnabled: true, appium:noReset: true, appium:noSign: true, appium:pixelRatio: 2.8125, appium:platformVersion: 14, appium:statBarHeight: 64, appium:takesScreenshot: true, appium:viewportRect: {height: 2344, left: 0, top: 64, width: 1080}, appium:warnings: {}, appium:webStorageEnabled: false, browserName: Chrome, platformName: ANDROID}
Session ID: 7f7e75e0-f5ac-466a-8c84-33df79599a7c
at testCases.TC_001_SFI_All_Mobile.TestMobileIndividualControls(TC_001_SFI_All_Mobile.java:757)
at java.base/java.util.ArrayList.forEach(ArrayList.java:1511)
... Removed 28 stack frames]]>
    </failure>
  </testcase> <!-- TestMobileIndividualControls -->
</testsuite> <!-- chrometest -->
