<?xml version="1.0" encoding="UTF-8"?>
<!-- Generated by org.testng.reporters.JUnitXMLReporter -->
<testsuite ignored="0" hostname="DESKTOP-H290O4K" failures="1" tests="1" name="edgetest" time="5.516" errors="0" timestamp="01 Nov 2023 10:20:05 GMT">
  <testcase classname="testCases.TC_001_SFI_All_MobileResponse" name="TestMobileIResponse" time="5.479">
    <failure type="java.lang.NullPointerException" message="Cannot invoke &amp;quot;org.apache.logging.log4j.Logger.info(String)&amp;quot; because &amp;quot;testCases.TC_001_SFI_All_MobileResponse.logger&amp;quot; is null">
      <![CDATA[java.lang.NullPointerException: Cannot invoke "org.apache.logging.log4j.Logger.info(String)" because "testCases.TC_001_SFI_All_MobileResponse.logger" is null
	at testCases.TC_001_SFI_All_MobileResponse.TestMobileIResponse(TC_001_SFI_All_MobileResponse.java:32)
... Removed 25 stack frames]]>
    </failure>
  </testcase> <!-- TestMobileIResponse -->
</testsuite> <!-- edgetest -->
