<?xml version="1.0" encoding="UTF-8"?>
<!-- Generated by org.testng.reporters.JUnitXMLReporter -->
<testsuite ignored="2" hostname="DESKTOP-H290O4K" failures="0" tests="2" name="chrometest" time="134.149" errors="0" timestamp="2023-11-22T18:23:33 IST">
  <testcase classname="testBase.Android.BaseTest" name="@BeforeClass configureAppium" time="2.001">
    <failure type="org.openqa.selenium.SessionNotCreatedException" message="Could not start a new session. Response code 500. Message: An unknown server-side error occurred while processing the command. Original error: Unable to find an active device or emulator with OS 13.0. The following are available: emulator-5554 (11) 
Host info: host: &amp;apos;DESKTOP-H290O4K&amp;apos;, ip: &amp;apos;192.168.31.145&amp;apos;
Build info: version: &amp;apos;4.15.0&amp;apos;, revision: &amp;apos;1d14b5521b&amp;apos;
System info: os.name: &amp;apos;Windows 10&amp;apos;, os.arch: &amp;apos;amd64&amp;apos;, os.version: &amp;apos;10.0&amp;apos;, java.version: &amp;apos;14&amp;apos;
Driver info: io.appium.java_client.android.AndroidDriver
Command: [null, newSession {capabilities=[{appium:noReset=true, appium:autoGrantPermissions=true, browserName=Chrome, appium:deviceName=R9ZR908HTNR, platformName=ANDROID, appium:automationName=UIAutomator2, appium:platformVersion=13.0}], desiredCapabilities=Capabilities {appium:autoGrantPermissions: true, appium:automationName: UIAutomator2, appium:deviceName: R9ZR908HTNR, appium:noReset: true, appium:platformVersion: 13.0, browserName: Chrome, platformName: ANDROID}}]
Capabilities {appium:autoGrantPermissions: true, appium:automationName: UIAutomator2, appium:deviceName: R9ZR908HTNR, appium:noReset: true, appium:platformVersion: 13.0, browserName: Chrome, platformName: ANDROID}">
      <![CDATA[org.openqa.selenium.SessionNotCreatedException: Could not start a new session. Response code 500. Message: An unknown server-side error occurred while processing the command. Original error: Unable to find an active device or emulator with OS 13.0. The following are available: emulator-5554 (11) 
Host info: host: 'DESKTOP-H290O4K', ip: '192.168.31.145'
Build info: version: '4.15.0', revision: '1d14b5521b'
System info: os.name: 'Windows 10', os.arch: 'amd64', os.version: '10.0', java.version: '14'
Driver info: io.appium.java_client.android.AndroidDriver
Command: [null, newSession {capabilities=[{appium:noReset=true, appium:autoGrantPermissions=true, browserName=Chrome, appium:deviceName=R9ZR908HTNR, platformName=ANDROID, appium:automationName=UIAutomator2, appium:platformVersion=13.0}], desiredCapabilities=Capabilities {appium:autoGrantPermissions: true, appium:automationName: UIAutomator2, appium:deviceName: R9ZR908HTNR, appium:noReset: true, appium:platformVersion: 13.0, browserName: Chrome, platformName: ANDROID}}]
Capabilities {appium:autoGrantPermissions: true, appium:automationName: UIAutomator2, appium:deviceName: R9ZR908HTNR, appium:noReset: true, appium:platformVersion: 13.0, browserName: Chrome, platformName: ANDROID}
at org.openqa.selenium.remote.ProtocolHandshake.createSession(ProtocolHandshake.java:140)
at io.appium.java_client.remote.AppiumProtocolHandshake.createSession(AppiumProtocolHandshake.java:133)
at io.appium.java_client.remote.AppiumProtocolHandshake.createSession(AppiumProtocolHandshake.java:102)
at io.appium.java_client.remote.AppiumCommandExecutor.createSession(AppiumCommandExecutor.java:177)
at io.appium.java_client.remote.AppiumCommandExecutor.execute(AppiumCommandExecutor.java:238)
at org.openqa.selenium.remote.RemoteWebDriver.execute(RemoteWebDriver.java:607)
at io.appium.java_client.AppiumDriver.startSession(AppiumDriver.java:268)
at org.openqa.selenium.remote.RemoteWebDriver.<init>(RemoteWebDriver.java:168)
at io.appium.java_client.AppiumDriver.<init>(AppiumDriver.java:90)
at io.appium.java_client.AppiumDriver.<init>(AppiumDriver.java:102)
at io.appium.java_client.android.AndroidDriver.<init>(AndroidDriver.java:109)
at testBase.Android.BaseTest.configureAppium(BaseTest.java:100)
at java.base/java.util.ArrayList.forEach(ArrayList.java:1510)
... Removed 33 stack frames]]>
    </failure>
  </testcase> <!-- @BeforeClass configureAppium -->
  <testcase classname="testCases.TC_002_SFS_All_Mobile" name="testSectionContrls" time="0.001">
    <skipped/>
  </testcase> <!-- testSectionContrls -->
  <testcase classname="testCases.TC_002_SFS_All_MobileResponse" name="testMobileSectionContrls" time="128.826"/>
  <testcase classname="utilities.ExtentReportManager" name="@AfterSuite flush" time="0.0">
    <ignored/>
  </testcase> <!-- @AfterSuite flush -->
  <testcase classname="utilities.ExtentReportManager" name="@BeforeSuite onStart" time="0.0">
    <ignored/>
  </testcase> <!-- @BeforeSuite onStart -->
</testsuite> <!-- chrometest -->
