<?xml version="1.0" encoding="UTF-8"?>
<testng-results ignored="0" total="1" passed="1" failed="0" skipped="0">
  <reporter-output>
  </reporter-output>
  <suite started-at="2024-01-20T16:26:51 IST" name="Suite" finished-at="2024-01-20T16:33:32 IST" duration-ms="401479">
    <groups>
    </groups>
    <test started-at="2024-01-20T16:26:51 IST" name="chrometest" finished-at="2024-01-20T16:33:32 IST" duration-ms="401479">
      <class name="testCases.TC_001_SFI_All_Mobile">
        <test-method is-config="true" signature="onStart(org.testng.ITestContext)[pri:0, instance:testCases.TC_001_SFI_All_Mobile@54709809]" started-at="2024-01-20T16:26:50 IST" name="onStart" finished-at="2024-01-20T16:26:51 IST" duration-ms="182" status="PASS">
          <params>
            <param index="0">
              <value>
                <![CDATA[org.testng.TestRunner@707b38a1]]>
              </value>
            </param>
          </params>
          <reporter-output>
          </reporter-output>
        </test-method> <!-- onStart -->
        <test-method is-config="true" signature="testName()[pri:0, instance:testCases.TC_001_SFI_All_Mobile@54709809]" started-at="2024-01-20T16:26:51 IST" name="testName" finished-at="2024-01-20T16:26:51 IST" duration-ms="4" status="PASS">
          <reporter-output>
          </reporter-output>
        </test-method> <!-- testName -->
        <test-method is-config="true" signature="configureAppium()[pri:0, instance:testCases.TC_001_SFI_All_Mobile@54709809]" started-at="2024-01-20T16:26:51 IST" name="configureAppium" finished-at="2024-01-20T16:27:06 IST" duration-ms="15565" status="PASS">
          <reporter-output>
          </reporter-output>
        </test-method> <!-- configureAppium -->
        <test-method signature="TestMobileIndividualControls()[pri:0, instance:testCases.TC_001_SFI_All_Mobile@54709809]" started-at="2024-01-20T16:27:06 IST" name="TestMobileIndividualControls" finished-at="2024-01-20T16:33:32 IST" duration-ms="385869" status="PASS">
          <reporter-output>
          </reporter-output>
        </test-method> <!-- TestMobileIndividualControls -->
        <test-method is-config="true" signature="flush()[pri:0, instance:testCases.TC_001_SFI_All_Mobile@54709809]" started-at="2024-01-20T16:33:32 IST" name="flush" finished-at="2024-01-20T16:33:32 IST" duration-ms="237" status="PASS">
          <reporter-output>
          </reporter-output>
        </test-method> <!-- flush -->
      </class> <!-- testCases.TC_001_SFI_All_Mobile -->
    </test> <!-- chrometest -->
  </suite> <!-- Suite -->
</testng-results>
